<?xml version="1.0" encoding="UTF-8"?>
<!-- Generated by org.testng.reporters.JUnitReportReporter -->
<testsuite skipped="0" hostname="SumanSuma" name="Vtiger.practice.ReadDataFromCmdLineTest" tests="1" failures="0" timestamp="2023-08-01T20:22:41 IST" time="0.009" errors="0">
  <testcase name="read" time="0.009" classname="Vtiger.practice.ReadDataFromCmdLineTest"/>
  <system-out/>
</testsuite> <!-- Vtiger.practice.ReadDataFromCmdLineTest -->
